SF:lib/domain/models/character_response_model.dart
DA:16,2
DA:17,2
LF:2
LH:2
end_of_record
SF:lib/domain/models/character_response_model.g.dart
DA:9,2
DA:11,2
DA:12,4
DA:13,2
DA:14,6
DA:15,2
DA:18,1
DA:20,1
DA:21,2
DA:22,5
LF:10
LH:10
end_of_record
SF:lib/domain/repositories/characters_repository.g.dart
DA:9,0
DA:14,2
DA:15,1
LF:3
LH:2
end_of_record
SF:lib/domain/repositories/characters_repository.dart
DA:16,0
DA:18,0
DA:19,0
LF:3
LH:0
end_of_record
SF:lib/ui/providers/characters/characters_provider.dart
DA:10,1
DA:11,3
DA:13,1
DA:18,1
DA:19,2
DA:21,0
DA:24,1
DA:30,1
DA:31,3
DA:33,5
DA:37,1
DA:39,2
DA:40,2
DA:41,1
DA:42,1
DA:43,1
DA:44,1
DA:49,2
DA:51,2
DA:54,2
DA:55,3
DA:56,2
DA:58,1
DA:61,0
DA:63,0
DA:64,0
DA:65,0
DA:66,0
DA:71,1
DA:72,1
DA:74,3
DA:78,2
DA:79,1
DA:86,2
DA:91,2
DA:92,1
DA:93,2
DA:98,0
DA:100,0
DA:101,0
DA:102,0
LF:41
LH:31
end_of_record
SF:lib/ui/providers/characters/characters_provider.g.dart
DA:9,1
DA:13,2
DA:14,1
LF:3
LH:3
end_of_record
SF:lib/ui/providers/characters/characters_state.dart
DA:9,2
DA:18,1
DA:19,0
DA:27,1
DA:36,1
DA:47,0
LF:6
LH:4
end_of_record
SF:lib/domain/models/character_model.dart
DA:13,3
DA:30,3
DA:31,3
DA:33,0
DA:34,0
DA:36,0
DA:37,0
DA:38,0
DA:43,0
DA:44,0
DA:45,0
DA:46,0
DA:49,0
DA:52,0
LF:14
LH:3
end_of_record
SF:lib/domain/models/character_model.g.dart
DA:9,3
DA:10,3
DA:11,3
DA:12,3
DA:13,6
DA:14,3
DA:15,3
DA:16,6
DA:17,3
DA:19,6
DA:20,3
DA:22,6
DA:23,3
DA:25,12
DA:26,3
DA:27,3
DA:30,1
DA:32,1
DA:33,1
DA:34,1
DA:35,2
DA:36,1
DA:37,1
DA:38,2
DA:39,2
DA:40,2
DA:41,1
DA:42,1
DA:43,1
DA:44,1
LF:30
LH:30
end_of_record
SF:lib/data/datasources/datasources.g.dart
DA:9,0
DA:13,0
DA:24,0
DA:28,0
LF:4
LH:0
end_of_record
SF:lib/data/datasources/datasources.dart
DA:8,0
DA:10,0
DA:12,0
DA:13,0
LF:4
LH:0
end_of_record
SF:lib/data/datasources/local_datasource.dart
DA:6,0
DA:7,0
DA:10,0
DA:11,0
DA:14,0
DA:15,0
DA:37,0
DA:38,0
DA:39,0
DA:46,0
DA:47,0
DA:48,0
DA:51,0
DA:52,0
DA:54,0
DA:57,0
DA:61,0
DA:62,0
DA:63,0
DA:66,0
DA:67,0
DA:69,0
DA:72,0
DA:75,0
DA:78,0
DA:79,0
LF:26
LH:0
end_of_record
SF:lib/data/datasources/remote_datasource.dart
DA:5,0
DA:6,0
DA:12,0
DA:14,0
DA:15,0
DA:16,0
DA:17,0
LF:7
LH:0
end_of_record
SF:lib/data/repositories/characters_repository_impl.dart
DA:11,1
DA:13,1
DA:19,2
DA:21,1
DA:22,1
DA:23,0
DA:27,2
DA:28,1
DA:29,3
DA:30,1
DA:31,1
DA:32,1
LF:12
LH:11
end_of_record
SF:lib/domain/models/info_model.dart
DA:15,2
DA:16,2
LF:2
LH:2
end_of_record
SF:lib/domain/models/info_model.g.dart
DA:9,2
DA:10,2
DA:11,2
DA:12,2
DA:13,2
DA:14,2
DA:17,1
DA:18,1
DA:19,1
DA:20,1
DA:21,1
DA:22,1
LF:12
LH:12
end_of_record
SF:lib/domain/models/origin_model.dart
DA:13,3
DA:14,3
LF:2
LH:2
end_of_record
SF:lib/domain/models/origin_model.g.dart
DA:9,3
DA:10,3
DA:11,3
DA:12,3
DA:15,1
DA:16,1
DA:17,1
DA:18,1
LF:8
LH:8
end_of_record
